Timestamp: Thu Dec 21 17:24:00 CST 2023
Thu Dec 21 17:24:00 2023       
+---------------------------------------------------------------------------------------+
| NVIDIA-SMI 530.30.02              Driver Version: 530.30.02    CUDA Version: 12.1     |
|-----------------------------------------+----------------------+----------------------+
| GPU  Name                  Persistence-M| Bus-Id        Disp.A | Volatile Uncorr. ECC |
| Fan  Temp  Perf            Pwr:Usage/Cap|         Memory-Usage | GPU-Util  Compute M. |
|                                         |                      |               MIG M. |
|=========================================+======================+======================|
|   0  Tesla V100S-PCIE-32GB           Off| 00000000:3B:00.0 Off |                    0 |
| N/A   39C    P0               39W / 250W|   1998MiB / 32768MiB |      0%      Default |
|                                         |                      |                  N/A |
+-----------------------------------------+----------------------+----------------------+
|   1  Tesla V100S-PCIE-32GB           Off| 00000000:D8:00.0 Off |                    0 |
| N/A   36C    P0               27W / 250W|      4MiB / 32768MiB |      0%      Default |
|                                         |                      |                  N/A |
+-----------------------------------------+----------------------+----------------------+
                                                                                         
+---------------------------------------------------------------------------------------+
| Processes:                                                                            |
|  GPU   GI   CI        PID   Type   Process name                            GPU Memory |
|        ID   ID                                                             Usage      |
|=======================================================================================|
|    0   N/A  N/A    231948      C   .../csy/miniconda3/envs/py3/bin/python     1994MiB |
+---------------------------------------------------------------------------------------+
MemTotal:       790966916 kB
MemFree:        419024500 kB
MemAvailable:   714751828 kB
Buffers:            2288 kB
Cached:         296653320 kB
SwapCached:            0 kB
Active:         279590360 kB
Inactive:       68339072 kB
Active(anon):   51275648 kB
Inactive(anon):    53408 kB
Thu Dec 21 17:24:05 2023       
+---------------------------------------------------------------------------------------+
| NVIDIA-SMI 530.30.02              Driver Version: 530.30.02    CUDA Version: 12.1     |
|-----------------------------------------+----------------------+----------------------+
| GPU  Name                  Persistence-M| Bus-Id        Disp.A | Volatile Uncorr. ECC |
| Fan  Temp  Perf            Pwr:Usage/Cap|         Memory-Usage | GPU-Util  Compute M. |
|                                         |                      |               MIG M. |
|=========================================+======================+======================|
|   0  Tesla V100S-PCIE-32GB           Off| 00000000:3B:00.0 Off |                    0 |
| N/A   39C    P0               39W / 250W|   1998MiB / 32768MiB |      0%      Default |
|                                         |                      |                  N/A |
+-----------------------------------------+----------------------+----------------------+
|   1  Tesla V100S-PCIE-32GB           Off| 00000000:D8:00.0 Off |                    0 |
| N/A   36C    P0               27W / 250W|      4MiB / 32768MiB |      0%      Default |
|                                         |                      |                  N/A |
+-----------------------------------------+----------------------+----------------------+
                                                                                         
+---------------------------------------------------------------------------------------+
| Processes:                                                                            |
|  GPU   GI   CI        PID   Type   Process name                            GPU Memory |
|        ID   ID                                                             Usage      |
|=======================================================================================|
|    0   N/A  N/A    231948      C   .../csy/miniconda3/envs/py3/bin/python     1994MiB |
+---------------------------------------------------------------------------------------+
MemTotal:       790966916 kB
MemFree:        418660028 kB
MemAvailable:   714387368 kB
Buffers:            2288 kB
Cached:         296653324 kB
SwapCached:            0 kB
Active:         279950824 kB
Inactive:       68338708 kB
Active(anon):   51635744 kB
Inactive(anon):    53408 kB
Thu Dec 21 17:24:10 2023       
+---------------------------------------------------------------------------------------+
| NVIDIA-SMI 530.30.02              Driver Version: 530.30.02    CUDA Version: 12.1     |
|-----------------------------------------+----------------------+----------------------+
| GPU  Name                  Persistence-M| Bus-Id        Disp.A | Volatile Uncorr. ECC |
| Fan  Temp  Perf            Pwr:Usage/Cap|         Memory-Usage | GPU-Util  Compute M. |
|                                         |                      |               MIG M. |
|=========================================+======================+======================|
|   0  Tesla V100S-PCIE-32GB           Off| 00000000:3B:00.0 Off |                    0 |
| N/A   39C    P0               45W / 250W|   4838MiB / 32768MiB |     12%      Default |
|                                         |                      |                  N/A |
+-----------------------------------------+----------------------+----------------------+
|   1  Tesla V100S-PCIE-32GB           Off| 00000000:D8:00.0 Off |                    0 |
| N/A   36C    P0               39W / 250W|    754MiB / 32768MiB |      0%      Default |
|                                         |                      |                  N/A |
+-----------------------------------------+----------------------+----------------------+
                                                                                         
+---------------------------------------------------------------------------------------+
| Processes:                                                                            |
|  GPU   GI   CI        PID   Type   Process name                            GPU Memory |
|        ID   ID                                                             Usage      |
|=======================================================================================|
|    0   N/A  N/A    231948      C   .../csy/miniconda3/envs/py3/bin/python     1994MiB |
|    0   N/A  N/A    248123      C   python                                     2840MiB |
|    1   N/A  N/A    248123      C   python                                      750MiB |
+---------------------------------------------------------------------------------------+
MemTotal:       790966916 kB
MemFree:        416240616 kB
MemAvailable:   711967960 kB
Buffers:            2288 kB
Cached:         296677908 kB
SwapCached:            0 kB
Active:         282106932 kB
Inactive:       68363248 kB
Active(anon):   53791808 kB
Inactive(anon):    77988 kB
Thu Dec 21 17:24:16 2023       
+---------------------------------------------------------------------------------------+
| NVIDIA-SMI 530.30.02              Driver Version: 530.30.02    CUDA Version: 12.1     |
|-----------------------------------------+----------------------+----------------------+
| GPU  Name                  Persistence-M| Bus-Id        Disp.A | Volatile Uncorr. ECC |
| Fan  Temp  Perf            Pwr:Usage/Cap|         Memory-Usage | GPU-Util  Compute M. |
|                                         |                      |               MIG M. |
|=========================================+======================+======================|
|   0  Tesla V100S-PCIE-32GB           Off| 00000000:3B:00.0 Off |                    0 |
| N/A   39C    P0               39W / 250W|  15072MiB / 32768MiB |      0%      Default |
|                                         |                      |                  N/A |
+-----------------------------------------+----------------------+----------------------+
|   1  Tesla V100S-PCIE-32GB           Off| 00000000:D8:00.0 Off |                    0 |
| N/A   37C    P0               39W / 250W|   3164MiB / 32768MiB |     39%      Default |
|                                         |                      |                  N/A |
+-----------------------------------------+----------------------+----------------------+
                                                                                         
+---------------------------------------------------------------------------------------+
| Processes:                                                                            |
|  GPU   GI   CI        PID   Type   Process name                            GPU Memory |
|        ID   ID                                                             Usage      |
|=======================================================================================|
|    0   N/A  N/A    231948      C   .../csy/miniconda3/envs/py3/bin/python     1994MiB |
|    0   N/A  N/A    248123      C   python                                    13074MiB |
|    1   N/A  N/A    248123      C   python                                     3160MiB |
+---------------------------------------------------------------------------------------+
MemTotal:       790966916 kB
MemFree:        416392356 kB
MemAvailable:   712119700 kB
Buffers:            2288 kB
Cached:         296677908 kB
SwapCached:            0 kB
Active:         281953460 kB
Inactive:       68363248 kB
Active(anon):   53638336 kB
Inactive(anon):    77988 kB
Thu Dec 21 17:24:21 2023       
+---------------------------------------------------------------------------------------+
| NVIDIA-SMI 530.30.02              Driver Version: 530.30.02    CUDA Version: 12.1     |
|-----------------------------------------+----------------------+----------------------+
| GPU  Name                  Persistence-M| Bus-Id        Disp.A | Volatile Uncorr. ECC |
| Fan  Temp  Perf            Pwr:Usage/Cap|         Memory-Usage | GPU-Util  Compute M. |
|                                         |                      |               MIG M. |
|=========================================+======================+======================|
|   0  Tesla V100S-PCIE-32GB           Off| 00000000:3B:00.0 Off |                    0 |
| N/A   39C    P0               39W / 250W|  15202MiB / 32768MiB |      1%      Default |
|                                         |                      |                  N/A |
+-----------------------------------------+----------------------+----------------------+
|   1  Tesla V100S-PCIE-32GB           Off| 00000000:D8:00.0 Off |                    0 |
| N/A   37C    P0               39W / 250W|  15510MiB / 32768MiB |      1%      Default |
|                                         |                      |                  N/A |
+-----------------------------------------+----------------------+----------------------+
                                                                                         
+---------------------------------------------------------------------------------------+
| Processes:                                                                            |
|  GPU   GI   CI        PID   Type   Process name                            GPU Memory |
|        ID   ID                                                             Usage      |
|=======================================================================================|
|    0   N/A  N/A    231948      C   .../csy/miniconda3/envs/py3/bin/python     1994MiB |
|    0   N/A  N/A    248123      C   python                                    13206MiB |
|    1   N/A  N/A    248123      C   python                                    15506MiB |
+---------------------------------------------------------------------------------------+
MemTotal:       790966916 kB
MemFree:        416252584 kB
MemAvailable:   711979932 kB
Buffers:            2288 kB
Cached:         296683176 kB
SwapCached:            0 kB
Active:         282086160 kB
Inactive:       68368288 kB
Active(anon):   53771032 kB
Inactive(anon):    83028 kB
Thu Dec 21 17:24:26 2023       
+---------------------------------------------------------------------------------------+
| NVIDIA-SMI 530.30.02              Driver Version: 530.30.02    CUDA Version: 12.1     |
|-----------------------------------------+----------------------+----------------------+
| GPU  Name                  Persistence-M| Bus-Id        Disp.A | Volatile Uncorr. ECC |
| Fan  Temp  Perf            Pwr:Usage/Cap|         Memory-Usage | GPU-Util  Compute M. |
|                                         |                      |               MIG M. |
|=========================================+======================+======================|
|   0  Tesla V100S-PCIE-32GB           Off| 00000000:3B:00.0 Off |                    0 |
| N/A   42C    P0               89W / 250W|  16882MiB / 32768MiB |     38%      Default |
|                                         |                      |                  N/A |
+-----------------------------------------+----------------------+----------------------+
|   1  Tesla V100S-PCIE-32GB           Off| 00000000:D8:00.0 Off |                    0 |
| N/A   41C    P0              149W / 250W|  17324MiB / 32768MiB |     48%      Default |
|                                         |                      |                  N/A |
+-----------------------------------------+----------------------+----------------------+
                                                                                         
+---------------------------------------------------------------------------------------+
| Processes:                                                                            |
|  GPU   GI   CI        PID   Type   Process name                            GPU Memory |
|        ID   ID                                                             Usage      |
|=======================================================================================|
|    0   N/A  N/A    231948      C   .../csy/miniconda3/envs/py3/bin/python     1994MiB |
|    0   N/A  N/A    248123      C   python                                    14884MiB |
|    1   N/A  N/A    248123      C   python                                    17320MiB |
+---------------------------------------------------------------------------------------+
MemTotal:       790966916 kB
MemFree:        415560860 kB
MemAvailable:   711288568 kB
Buffers:            2288 kB
Cached:         296688520 kB
SwapCached:            0 kB
Active:         282764892 kB
Inactive:       68373844 kB
Active(anon):   54449752 kB
Inactive(anon):    88236 kB
Thu Dec 21 17:24:31 2023       
+---------------------------------------------------------------------------------------+
| NVIDIA-SMI 530.30.02              Driver Version: 530.30.02    CUDA Version: 12.1     |
|-----------------------------------------+----------------------+----------------------+
| GPU  Name                  Persistence-M| Bus-Id        Disp.A | Volatile Uncorr. ECC |
| Fan  Temp  Perf            Pwr:Usage/Cap|         Memory-Usage | GPU-Util  Compute M. |
|                                         |                      |               MIG M. |
|=========================================+======================+======================|
|   0  Tesla V100S-PCIE-32GB           Off| 00000000:3B:00.0 Off |                    0 |
| N/A   44C    P0               86W / 250W|  16882MiB / 32768MiB |     46%      Default |
|                                         |                      |                  N/A |
+-----------------------------------------+----------------------+----------------------+
|   1  Tesla V100S-PCIE-32GB           Off| 00000000:D8:00.0 Off |                    0 |
| N/A   43C    P0              156W / 250W|  17324MiB / 32768MiB |     46%      Default |
|                                         |                      |                  N/A |
+-----------------------------------------+----------------------+----------------------+
                                                                                         
+---------------------------------------------------------------------------------------+
| Processes:                                                                            |
|  GPU   GI   CI        PID   Type   Process name                            GPU Memory |
|        ID   ID                                                             Usage      |
|=======================================================================================|
|    0   N/A  N/A    231948      C   .../csy/miniconda3/envs/py3/bin/python     1994MiB |
|    0   N/A  N/A    248123      C   python                                    14884MiB |
|    1   N/A  N/A    248123      C   python                                    17320MiB |
+---------------------------------------------------------------------------------------+
MemTotal:       790966916 kB
MemFree:        415560120 kB
MemAvailable:   711287828 kB
Buffers:            2288 kB
Cached:         296688520 kB
SwapCached:            0 kB
Active:         282765116 kB
Inactive:       68373840 kB
Active(anon):   54449972 kB
Inactive(anon):    88236 kB
Thu Dec 21 17:24:36 2023       
+---------------------------------------------------------------------------------------+
| NVIDIA-SMI 530.30.02              Driver Version: 530.30.02    CUDA Version: 12.1     |
|-----------------------------------------+----------------------+----------------------+
| GPU  Name                  Persistence-M| Bus-Id        Disp.A | Volatile Uncorr. ECC |
| Fan  Temp  Perf            Pwr:Usage/Cap|         Memory-Usage | GPU-Util  Compute M. |
|                                         |                      |               MIG M. |
|=========================================+======================+======================|
|   0  Tesla V100S-PCIE-32GB           Off| 00000000:3B:00.0 Off |                    0 |
| N/A   44C    P0               61W / 250W|  16882MiB / 32768MiB |     26%      Default |
|                                         |                      |                  N/A |
+-----------------------------------------+----------------------+----------------------+
|   1  Tesla V100S-PCIE-32GB           Off| 00000000:D8:00.0 Off |                    0 |
| N/A   44C    P0              106W / 250W|  17324MiB / 32768MiB |     46%      Default |
|                                         |                      |                  N/A |
+-----------------------------------------+----------------------+----------------------+
                                                                                         
+---------------------------------------------------------------------------------------+
| Processes:                                                                            |
|  GPU   GI   CI        PID   Type   Process name                            GPU Memory |
|        ID   ID                                                             Usage      |
|=======================================================================================|
|    0   N/A  N/A    231948      C   .../csy/miniconda3/envs/py3/bin/python     1994MiB |
|    0   N/A  N/A    248123      C   python                                    14884MiB |
|    1   N/A  N/A    248123      C   python                                    17320MiB |
+---------------------------------------------------------------------------------------+
MemTotal:       790966916 kB
MemFree:        415559780 kB
MemAvailable:   711287496 kB
Buffers:            2288 kB
Cached:         296688528 kB
SwapCached:            0 kB
Active:         282765644 kB
Inactive:       68373840 kB
Active(anon):   54450492 kB
Inactive(anon):    88236 kB
Thu Dec 21 17:24:41 2023       
+---------------------------------------------------------------------------------------+
| NVIDIA-SMI 530.30.02              Driver Version: 530.30.02    CUDA Version: 12.1     |
|-----------------------------------------+----------------------+----------------------+
| GPU  Name                  Persistence-M| Bus-Id        Disp.A | Volatile Uncorr. ECC |
| Fan  Temp  Perf            Pwr:Usage/Cap|         Memory-Usage | GPU-Util  Compute M. |
|                                         |                      |               MIG M. |
|=========================================+======================+======================|
|   0  Tesla V100S-PCIE-32GB           Off| 00000000:3B:00.0 Off |                    0 |
| N/A   44C    P0               89W / 250W|  16882MiB / 32768MiB |     31%      Default |
|                                         |                      |                  N/A |
+-----------------------------------------+----------------------+----------------------+
|   1  Tesla V100S-PCIE-32GB           Off| 00000000:D8:00.0 Off |                    0 |
| N/A   45C    P0               76W / 250W|  17324MiB / 32768MiB |     49%      Default |
|                                         |                      |                  N/A |
+-----------------------------------------+----------------------+----------------------+
                                                                                         
+---------------------------------------------------------------------------------------+
| Processes:                                                                            |
|  GPU   GI   CI        PID   Type   Process name                            GPU Memory |
|        ID   ID                                                             Usage      |
|=======================================================================================|
|    0   N/A  N/A    231948      C   .../csy/miniconda3/envs/py3/bin/python     1994MiB |
|    0   N/A  N/A    248123      C   python                                    14884MiB |
|    1   N/A  N/A    248123      C   python                                    17320MiB |
+---------------------------------------------------------------------------------------+
MemTotal:       790966916 kB
MemFree:        415559544 kB
MemAvailable:   711287264 kB
Buffers:            2288 kB
Cached:         296688532 kB
SwapCached:            0 kB
Active:         282765612 kB
Inactive:       68373840 kB
Active(anon):   54450456 kB
Inactive(anon):    88236 kB
Thu Dec 21 17:24:46 2023       
+---------------------------------------------------------------------------------------+
| NVIDIA-SMI 530.30.02              Driver Version: 530.30.02    CUDA Version: 12.1     |
|-----------------------------------------+----------------------+----------------------+
| GPU  Name                  Persistence-M| Bus-Id        Disp.A | Volatile Uncorr. ECC |
| Fan  Temp  Perf            Pwr:Usage/Cap|         Memory-Usage | GPU-Util  Compute M. |
|                                         |                      |               MIG M. |
|=========================================+======================+======================|
|   0  Tesla V100S-PCIE-32GB           Off| 00000000:3B:00.0 Off |                    0 |
| N/A   45C    P0              155W / 250W|  17382MiB / 32768MiB |     43%      Default |
|                                         |                      |                  N/A |
+-----------------------------------------+----------------------+----------------------+
|   1  Tesla V100S-PCIE-32GB           Off| 00000000:D8:00.0 Off |                    0 |
| N/A   47C    P0               81W / 250W|  17712MiB / 32768MiB |     49%      Default |
|                                         |                      |                  N/A |
+-----------------------------------------+----------------------+----------------------+
                                                                                         
+---------------------------------------------------------------------------------------+
| Processes:                                                                            |
|  GPU   GI   CI        PID   Type   Process name                            GPU Memory |
|        ID   ID                                                             Usage      |
|=======================================================================================|
|    0   N/A  N/A    231948      C   .../csy/miniconda3/envs/py3/bin/python     1994MiB |
|    0   N/A  N/A    248123      C   python                                    15384MiB |
|    1   N/A  N/A    248123      C   python                                    17708MiB |
+---------------------------------------------------------------------------------------+
MemTotal:       790966916 kB
MemFree:        415559548 kB
MemAvailable:   711287280 kB
Buffers:            2288 kB
Cached:         296688552 kB
SwapCached:            0 kB
Active:         282765888 kB
Inactive:       68373840 kB
Active(anon):   54450720 kB
Inactive(anon):    88236 kB
Thu Dec 21 17:24:51 2023       
+---------------------------------------------------------------------------------------+
| NVIDIA-SMI 530.30.02              Driver Version: 530.30.02    CUDA Version: 12.1     |
|-----------------------------------------+----------------------+----------------------+
| GPU  Name                  Persistence-M| Bus-Id        Disp.A | Volatile Uncorr. ECC |
| Fan  Temp  Perf            Pwr:Usage/Cap|         Memory-Usage | GPU-Util  Compute M. |
|                                         |                      |               MIG M. |
|=========================================+======================+======================|
|   0  Tesla V100S-PCIE-32GB           Off| 00000000:3B:00.0 Off |                    0 |
| N/A   45C    P0               46W / 250W|  17382MiB / 32768MiB |     16%      Default |
|                                         |                      |                  N/A |
+-----------------------------------------+----------------------+----------------------+
|   1  Tesla V100S-PCIE-32GB           Off| 00000000:D8:00.0 Off |                    0 |
| N/A   47C    P0              108W / 250W|  17712MiB / 32768MiB |     84%      Default |
|                                         |                      |                  N/A |
+-----------------------------------------+----------------------+----------------------+
                                                                                         
+---------------------------------------------------------------------------------------+
| Processes:                                                                            |
|  GPU   GI   CI        PID   Type   Process name                            GPU Memory |
|        ID   ID                                                             Usage      |
|=======================================================================================|
|    0   N/A  N/A    231948      C   .../csy/miniconda3/envs/py3/bin/python     1994MiB |
|    0   N/A  N/A    248123      C   python                                    15384MiB |
|    1   N/A  N/A    248123      C   python                                    17708MiB |
+---------------------------------------------------------------------------------------+
MemTotal:       790966916 kB
MemFree:        415558340 kB
MemAvailable:   711286084 kB
Buffers:            2288 kB
Cached:         296688560 kB
SwapCached:            0 kB
Active:         282766448 kB
Inactive:       68373840 kB
Active(anon):   54451268 kB
Inactive(anon):    88236 kB
Thu Dec 21 17:24:57 2023       
+---------------------------------------------------------------------------------------+
| NVIDIA-SMI 530.30.02              Driver Version: 530.30.02    CUDA Version: 12.1     |
|-----------------------------------------+----------------------+----------------------+
| GPU  Name                  Persistence-M| Bus-Id        Disp.A | Volatile Uncorr. ECC |
| Fan  Temp  Perf            Pwr:Usage/Cap|         Memory-Usage | GPU-Util  Compute M. |
|                                         |                      |               MIG M. |
|=========================================+======================+======================|
|   0  Tesla V100S-PCIE-32GB           Off| 00000000:3B:00.0 Off |                    0 |
| N/A   47C    P0               71W / 250W|  17382MiB / 32768MiB |     40%      Default |
|                                         |                      |                  N/A |
+-----------------------------------------+----------------------+----------------------+
|   1  Tesla V100S-PCIE-32GB           Off| 00000000:D8:00.0 Off |                    0 |
| N/A   48C    P0               89W / 250W|  17712MiB / 32768MiB |     48%      Default |
|                                         |                      |                  N/A |
+-----------------------------------------+----------------------+----------------------+
                                                                                         
+---------------------------------------------------------------------------------------+
| Processes:                                                                            |
|  GPU   GI   CI        PID   Type   Process name                            GPU Memory |
|        ID   ID                                                             Usage      |
|=======================================================================================|
|    0   N/A  N/A    231948      C   .../csy/miniconda3/envs/py3/bin/python     1994MiB |
|    0   N/A  N/A    248123      C   python                                    15384MiB |
|    1   N/A  N/A    248123      C   python                                    17708MiB |
+---------------------------------------------------------------------------------------+
MemTotal:       790966916 kB
MemFree:        415558192 kB
MemAvailable:   711285944 kB
Buffers:            2288 kB
Cached:         296688568 kB
SwapCached:            0 kB
Active:         282766572 kB
Inactive:       68373840 kB
Active(anon):   54451384 kB
Inactive(anon):    88236 kB
Thu Dec 21 17:25:02 2023       
+---------------------------------------------------------------------------------------+
| NVIDIA-SMI 530.30.02              Driver Version: 530.30.02    CUDA Version: 12.1     |
|-----------------------------------------+----------------------+----------------------+
| GPU  Name                  Persistence-M| Bus-Id        Disp.A | Volatile Uncorr. ECC |
| Fan  Temp  Perf            Pwr:Usage/Cap|         Memory-Usage | GPU-Util  Compute M. |
|                                         |                      |               MIG M. |
|=========================================+======================+======================|
|   0  Tesla V100S-PCIE-32GB           Off| 00000000:3B:00.0 Off |                    0 |
| N/A   46C    P0               60W / 250W|  17382MiB / 32768MiB |      0%      Default |
|                                         |                      |                  N/A |
+-----------------------------------------+----------------------+----------------------+
|   1  Tesla V100S-PCIE-32GB           Off| 00000000:D8:00.0 Off |                    0 |
| N/A   47C    P0               62W / 250W|  17712MiB / 32768MiB |      0%      Default |
|                                         |                      |                  N/A |
+-----------------------------------------+----------------------+----------------------+
                                                                                         
+---------------------------------------------------------------------------------------+
| Processes:                                                                            |
|  GPU   GI   CI        PID   Type   Process name                            GPU Memory |
|        ID   ID                                                             Usage      |
|=======================================================================================|
|    0   N/A  N/A    231948      C   .../csy/miniconda3/envs/py3/bin/python     1994MiB |
|    0   N/A  N/A    248123      C   python                                    15384MiB |
|    1   N/A  N/A    248123      C   python                                    17708MiB |
+---------------------------------------------------------------------------------------+
MemTotal:       790966916 kB
MemFree:        415593796 kB
MemAvailable:   711322132 kB
Buffers:            2288 kB
Cached:         296689084 kB
SwapCached:            0 kB
Active:         282731752 kB
Inactive:       68373984 kB
Active(anon):   54416188 kB
Inactive(anon):    88236 kB
